2023-07-16T17:40:12.575982+0300 DEBUG Подключение к базе данных успешно выполнено.
2023-07-16T17:41:23.912987+0300 DEBUG Подключение к базе данных успешно выполнено.
2023-07-16T17:58:25.764930+0300 DEBUG Подключение к базе данных успешно выполнено.
2023-07-16T18:12:27.925503+0300 DEBUG Подключение к базе данных успешно выполнено.
2023-07-16T18:13:28.639933+0300 DEBUG Подключение к базе данных успешно выполнено.
2023-07-16T18:13:49.872503+0300 DEBUG Подключение к базе данных успешно выполнено.
2023-07-16T18:16:17.224538+0300 DEBUG Подключение к базе данных успешно выполнено.
2023-07-16T18:17:36.347758+0300 DEBUG Подключение к базе данных успешно выполнено.
2023-07-16T18:17:38.902585+0300 DEBUG В системе зарегистрирован новый пользователь. TG_ID: 1969225718, USER_ID: 1
2023-07-16T18:24:19.957814+0300 DEBUG Подключение к базе данных успешно выполнено.
2023-07-16T18:24:38.370947+0300 DEBUG Подключение к базе данных успешно выполнено.
2023-07-16T18:25:15.184180+0300 DEBUG Подключение к базе данных успешно выполнено.
2023-07-16T18:25:36.072232+0300 DEBUG Подключение к базе данных успешно выполнено.
2023-07-16T18:26:26.361513+0300 DEBUG Подключение к базе данных успешно выполнено.
2023-07-16T18:27:54.271121+0300 DEBUG Подключение к базе данных успешно выполнено.
2023-07-16T18:28:16.288342+0300 DEBUG Подключение к базе данных успешно выполнено.
2023-07-16T18:34:17.530887+0300 DEBUG Подключение к базе данных успешно выполнено.
2023-07-16T18:41:48.015483+0300 DEBUG Подключение к базе данных успешно выполнено.
2023-07-16T18:49:14.120520+0300 DEBUG Подключение к базе данных успешно выполнено.
2023-07-16T18:50:13.072756+0300 DEBUG Подключение к базе данных успешно выполнено.
2023-07-16T18:52:35.720014+0300 DEBUG Подключение к базе данных успешно выполнено.
2023-07-16T18:54:53.151214+0300 DEBUG Подключение к базе данных успешно выполнено.
2023-07-16T18:55:22.939558+0300 DEBUG Подключение к базе данных успешно выполнено.
2023-07-16T18:55:59.659041+0300 DEBUG Подключение к базе данных успешно выполнено.
2023-07-16T18:58:52.474644+0300 DEBUG Подключение к базе данных успешно выполнено.
2023-07-16T19:00:07.619170+0300 DEBUG Подключение к базе данных успешно выполнено.
2023-07-16T19:01:10.997340+0300 DEBUG Подключение к базе данных успешно выполнено.
2023-07-16T19:01:38.807201+0300 DEBUG Подключение к базе данных успешно выполнено.
2023-07-16T19:02:18.124105+0300 DEBUG Подключение к базе данных успешно выполнено.
2023-07-16T19:05:59.992127+0300 DEBUG Подключение к базе данных успешно выполнено.
2023-07-16T19:06:37.164240+0300 DEBUG Подключение к базе данных успешно выполнено.
2023-07-16T19:07:54.713764+0300 DEBUG Подключение к базе данных успешно выполнено.
2023-07-16T19:08:31.130263+0300 DEBUG Подключение к базе данных успешно выполнено.
2023-07-16T19:09:15.114101+0300 DEBUG Подключение к базе данных успешно выполнено.
2023-07-16T19:12:07.104238+0300 DEBUG Подключение к базе данных успешно выполнено.
2023-07-16T19:25:59.132199+0300 DEBUG Подключение к БД (users.db) успешно выполнено.
2023-07-16T19:25:59.152349+0300 DEBUG Подключение к БД (categories.db) успешно выполнено.
2023-07-16T19:30:23.801177+0300 DEBUG Подключение к БД (users.db) успешно выполнено.
2023-07-16T19:30:23.804219+0300 DEBUG Подключение к БД (categories.db) успешно выполнено.
2023-07-16T19:30:51.782554+0300 DEBUG Подключение к БД (users.db) успешно выполнено.
2023-07-16T19:30:51.786417+0300 DEBUG Подключение к БД (categories.db) успешно выполнено.
2023-07-16T20:03:57.681311+0300 DEBUG Подключение к БД (users.db) успешно выполнено.
2023-07-16T20:03:57.685054+0300 DEBUG Подключение к БД (categories.db) успешно выполнено.
2023-07-16T20:12:44.370020+0300 DEBUG Подключение к БД (users.db) успешно выполнено.
2023-07-16T20:12:44.372323+0300 DEBUG Подключение к БД (categories.db) успешно выполнено.
2023-07-16T20:13:37.942700+0300 DEBUG Подключение к БД (users.db) успешно выполнено.
2023-07-16T20:13:37.944704+0300 DEBUG Подключение к БД (categories.db) успешно выполнено.
2023-07-16T20:17:57.229336+0300 DEBUG Подключение к БД (users.db) успешно выполнено.
2023-07-16T20:17:57.232382+0300 DEBUG Подключение к БД (categories.db) успешно выполнено.
2023-07-16T20:19:17.378728+0300 DEBUG Подключение к БД (users.db) успешно выполнено.
2023-07-16T20:19:17.381734+0300 DEBUG Подключение к БД (categories.db) успешно выполнено.
2023-07-16T21:28:15.741343+0300 DEBUG Подключение к БД (users.db) успешно выполнено.
2023-07-16T21:28:15.744876+0300 DEBUG Подключение к БД (categories.db) успешно выполнено.
2023-07-16T21:29:04.096692+0300 DEBUG Подключение к БД (users.db) успешно выполнено.
2023-07-16T21:29:04.100180+0300 DEBUG Подключение к БД (categories.db) успешно выполнено.
2023-07-16T21:29:04.121757+0300 DEBUG Подключение к БД (goods.db) успешно выполнено.
2023-07-16T21:30:19.649594+0300 DEBUG Подключение к БД (users.db) успешно выполнено.
2023-07-16T21:30:19.654029+0300 DEBUG Подключение к БД (categories.db) успешно выполнено.
2023-07-16T21:30:19.658091+0300 DEBUG Подключение к БД (goods.db) успешно выполнено.
2023-07-16T21:30:51.919924+0300 DEBUG Подключение к БД (users.db) успешно выполнено.
2023-07-16T21:30:51.923648+0300 DEBUG Подключение к БД (categories.db) успешно выполнено.
2023-07-16T21:30:51.927349+0300 DEBUG Подключение к БД (goods.db) успешно выполнено.
2023-07-16T21:40:28.263282+0300 DEBUG Подключение к БД (users.db) успешно выполнено.
2023-07-16T21:40:28.266727+0300 DEBUG Подключение к БД (categories.db) успешно выполнено.
2023-07-16T21:40:28.286846+0300 DEBUG Подключение к БД (goods.db) успешно выполнено.
2023-07-16T21:45:09.732846+0300 DEBUG Подключение к БД (users.db) успешно выполнено.
2023-07-16T21:45:09.736735+0300 DEBUG Подключение к БД (categories.db) успешно выполнено.
2023-07-16T21:45:09.740423+0300 DEBUG Подключение к БД (goods.db) успешно выполнено.
2023-07-16T21:46:22.147808+0300 DEBUG Подключение к БД (users.db) успешно выполнено.
2023-07-16T21:46:22.151449+0300 DEBUG Подключение к БД (categories.db) успешно выполнено.
2023-07-16T21:46:22.154679+0300 DEBUG Подключение к БД (goods.db) успешно выполнено.
2023-07-16T21:47:15.614971+0300 DEBUG Подключение к БД (users.db) успешно выполнено.
2023-07-16T21:47:15.618973+0300 DEBUG Подключение к БД (categories.db) успешно выполнено.
2023-07-16T21:47:15.621854+0300 DEBUG Подключение к БД (goods.db) успешно выполнено.
2023-07-16T21:47:18.332267+0300 ERROR Товар (1) не найден в БД. TG_ID: 1969225718.
2023-07-16T21:48:23.193703+0300 DEBUG Подключение к БД (users.db) успешно выполнено.
2023-07-16T21:48:23.198941+0300 DEBUG Подключение к БД (categories.db) успешно выполнено.
2023-07-16T21:48:23.202097+0300 DEBUG Подключение к БД (goods.db) успешно выполнено.
2023-07-16T21:48:26.033144+0300 ERROR Товар (1) не найден в БД. TG_ID: 1969225718.
2023-07-16T21:48:44.560080+0300 DEBUG Подключение к БД (users.db) успешно выполнено.
2023-07-16T21:48:44.564616+0300 DEBUG Подключение к БД (categories.db) успешно выполнено.
2023-07-16T21:48:44.567181+0300 DEBUG Подключение к БД (goods.db) успешно выполнено.
